<?xml version="1.0" encoding="UTF-8"?>
<coverage generated="1551203016284" clover="3.2.0">
  <project timestamp="1551203016284" name="All files">
    <metrics statements="31" coveredstatements="13" conditionals="10" coveredconditionals="6" methods="5" coveredmethods="3" elements="46" coveredelements="22" complexity="0" loc="31" ncloc="31" packages="1" files="3" classes="3"/>
    <file name="findRoute.js" path="/Users/TawnyMotoyama/Documents/GitHub/cs-341-project-sq19-alpha/public/javascripts/findRoute.js">
      <metrics statements="15" coveredstatements="5" conditionals="4" coveredconditionals="2" methods="2" coveredmethods="1"/>
      <line num="3" count="4" type="stmt"/>
      <line num="4" count="4" type="cond" truecount="2" falsecount="0"/>
      <line num="5" count="1" type="stmt"/>
      <line num="8" count="3" type="stmt"/>
      <line num="12" count="0" type="stmt"/>
      <line num="13" count="0" type="stmt"/>
      <line num="14" count="0" type="stmt"/>
      <line num="16" count="0" type="cond" truecount="0" falsecount="2"/>
      <line num="17" count="0" type="stmt"/>
      <line num="18" count="0" type="stmt"/>
      <line num="19" count="0" type="stmt"/>
      <line num="20" count="0" type="stmt"/>
      <line num="24" count="0" type="stmt"/>
      <line num="26" count="0" type="stmt"/>
      <line num="29" count="1" type="stmt"/>
    </file>
    <file name="index.js" path="/Users/TawnyMotoyama/Documents/GitHub/cs-341-project-sq19-alpha/public/javascripts/index.js">
      <metrics statements="2" coveredstatements="2" conditionals="0" coveredconditionals="0" methods="1" coveredmethods="1"/>
      <line num="4" count="3" type="stmt"/>
      <line num="8" count="1" type="stmt"/>
    </file>
    <file name="login.js" path="/Users/TawnyMotoyama/Documents/GitHub/cs-341-project-sq19-alpha/public/javascripts/login.js">
      <metrics statements="14" coveredstatements="6" conditionals="6" coveredconditionals="4" methods="2" coveredmethods="1"/>
      <line num="3" count="4" type="stmt"/>
      <line num="4" count="4" type="stmt"/>
      <line num="5" count="4" type="cond" truecount="4" falsecount="0"/>
      <line num="6" count="1" type="stmt"/>
      <line num="9" count="3" type="stmt"/>
      <line num="14" count="0" type="stmt"/>
      <line num="15" count="0" type="stmt"/>
      <line num="16" count="0" type="stmt"/>
      <line num="17" count="0" type="stmt"/>
      <line num="18" count="0" type="stmt"/>
      <line num="20" count="0" type="cond" truecount="0" falsecount="2"/>
      <line num="21" count="0" type="stmt"/>
      <line num="24" count="0" type="stmt"/>
      <line num="28" count="1" type="stmt"/>
    </file>
  </project>
</coverage>
