{"/Users/sizhecao/Documents/GitHub/cs-341-project-sq19-alpha/public/javascripts/index.js": {"path":"/Users/sizhecao/Documents/GitHub/cs-341-project-sq19-alpha/public/javascripts/index.js","statementMap":{"0":{"start":{"line":2,"column":1},"end":{"line":2,"column":12}},"1":{"start":{"line":5,"column":0},"end":{"line":5,"column":21}},"2":{"start":{"line":11,"column":22},"end":{"line":11,"column":58}},"3":{"start":{"line":12,"column":4},"end":{"line":12,"column":54}},"4":{"start":{"line":14,"column":4},"end":{"line":14,"column":72}}},"fnMap":{"0":{"name":"sum","decl":{"start":{"line":1,"column":9},"end":{"line":1,"column":12}},"loc":{"start":{"line":1,"column":18},"end":{"line":3,"column":1}},"line":1},"1":{"name":"skipFunction","decl":{"start":{"line":10,"column":9},"end":{"line":10,"column":21}},"loc":{"start":{"line":10,"column":23},"end":{"line":15,"column":1}},"line":10}},"branchMap":{},"s":{"0":3,"1":1,"2":0,"3":0,"4":0},"f":{"0":3,"1":0},"b":{},"_coverageSchema":"43e27e138ebf9cfc5966b082cf9a028302ed4184","hash":"168f5ff1af3987525a7376a2e670ff203a09944b"}
}
