TN:
SF:/Users/TawnyMotoyama/Documents/GitHub/cs-341-project-sq19-alpha/public/javascripts/index.js
FN:3,sum
FN:11,goToHome
FN:36,submitZip
FNF:3
FNH:0
FNDA:0,sum
FNDA:0,goToHome
FNDA:0,submitZip
DA:4,0
DA:7,1
DA:12,0
DA:13,0
DA:14,0
DA:15,0
DA:16,0
DA:17,0
DA:18,0
DA:19,0
DA:21,0
DA:23,0
DA:24,0
DA:27,0
DA:28,0
DA:30,0
DA:32,1
DA:37,0
DA:38,0
DA:39,0
DA:40,0
DA:42,0
DA:44,0
DA:45,0
DA:46,0
DA:47,0
DA:51,0
DA:53,0
DA:55,1
LF:29
LH:3
BRDA:21,0,0,0
BRDA:21,0,1,0
BRDA:21,1,0,0
BRDA:21,1,1,0
BRDA:42,2,0,0
BRDA:42,2,1,0
BRF:6
BRH:0
end_of_record
