TN:
SF:/Users/TawnyMotoyama/Documents/GitHub/cs-341-project-sq19-alpha/public/javascripts/findRoute.js
FN:2,isValidZip
FN:11,submitZip
FNF:2
FNH:1
FNDA:4,isValidZip
FNDA:0,submitZip
DA:3,4
DA:4,4
DA:5,1
DA:8,3
DA:12,0
DA:13,0
DA:14,0
DA:16,0
DA:17,0
DA:18,0
DA:19,0
DA:20,0
DA:24,0
DA:26,0
DA:29,1
LF:15
LH:5
BRDA:4,0,0,1
BRDA:4,0,1,3
BRDA:16,1,0,0
BRDA:16,1,1,0
BRF:4
BRH:2
end_of_record
TN:
SF:/Users/TawnyMotoyama/Documents/GitHub/cs-341-project-sq19-alpha/public/javascripts/index.js
FN:3,sum
FNF:1
FNH:1
FNDA:3,sum
DA:4,3
DA:8,1
LF:2
LH:2
BRF:0
BRH:0
end_of_record
TN:
SF:/Users/TawnyMotoyama/Documents/GitHub/cs-341-project-sq19-alpha/public/javascripts/login.js
FN:2,isValidUnamePass
FN:13,goToHome
FNF:2
FNH:1
FNDA:4,isValidUnamePass
FNDA:0,goToHome
DA:3,4
DA:4,4
DA:5,4
DA:6,1
DA:9,3
DA:14,0
DA:15,0
DA:16,0
DA:17,0
DA:18,0
DA:20,0
DA:21,0
DA:24,0
DA:28,1
LF:14
LH:6
BRDA:5,0,0,1
BRDA:5,0,1,3
BRDA:5,1,0,4
BRDA:5,1,1,2
BRDA:20,2,0,0
BRDA:20,2,1,0
BRF:6
BRH:4
end_of_record
